<?xml version="1.0" encoding="UTF-8"?>
<!-- Generated by org.testng.reporters.JUnitReportReporter -->
<testsuite hostname="DESKTOP-9ML9K9N" failures="0" tests="4" name="testLayer.LoginTest" time="58.470" errors="0" timestamp="2022-03-30T13:58:54 EDT" skipped="0">
  <testcase classname="testLayer.LoginTest" name="login" time="11.542"/>
  <system-out/>
  <testcase classname="testLayer.LoginTest" name="Title" time="21.100"/>
  <system-out/>
  <testcase classname="testLayer.LoginTest" name="login" time="15.867"/>
  <system-out/>
  <testcase classname="testLayer.LoginTest" name="login" time="9.961"/>
  <system-out/>
</testsuite> <!-- testLayer.LoginTest -->
